kotlin version: 1.8.21
error message: org.jetbrains.kotlin.backend.common.BackendException: Backend Internal error: Exception during IR lowering
File being compiled: C:/Users/bacon/Desktop/mood-predictor-main/app/src/main/java/com/example/mooddetection/DailyGame.kt
The root cause java.lang.RuntimeException was thrown at: org.jetbrains.kotlin.backend.jvm.codegen.FunctionCodegen.generate(FunctionCodegen.kt:51)
	at org.jetbrains.kotlin.backend.common.CodegenUtil.reportBackendException(CodegenUtil.kt:253)
	at org.jetbrains.kotlin.backend.common.CodegenUtil.reportBackendException$default(CodegenUtil.kt:237)
	at org.jetbrains.kotlin.backend.common.phaser.PerformByIrFilePhase.invokeSequential(performByIrFile.kt:68)
	at org.jetbrains.kotlin.backend.common.phaser.PerformByIrFilePhase.invoke(performByIrFile.kt:55)
	at org.jetbrains.kotlin.backend.common.phaser.PerformByIrFilePhase.invoke(performByIrFile.kt:41)
	at org.jetbrains.kotlin.backend.common.phaser.NamedCompilerPhase.phaseBody(CompilerPhase.kt:147)
	at org.jetbrains.kotlin.backend.common.phaser.AbstractNamedCompilerPhase.invoke(CompilerPhase.kt:94)
	at org.jetbrains.kotlin.backend.common.phaser.CompositePhase.invoke(PhaseBuilders.kt:29)
	at org.jetbrains.kotlin.backend.common.phaser.CompositePhase.invoke(PhaseBuilders.kt:16)
	at org.jetbrains.kotlin.backend.common.phaser.NamedCompilerPhase.phaseBody(CompilerPhase.kt:147)
	at org.jetbrains.kotlin.backend.common.phaser.AbstractNamedCompilerPhase.invoke(CompilerPhase.kt:94)
	at org.jetbrains.kotlin.backend.common.phaser.CompilerPhaseKt.invokeToplevel(CompilerPhase.kt:43)
	at org.jetbrains.kotlin.backend.jvm.JvmIrCodegenFactory.invokeCodegen(JvmIrCodegenFactory.kt:321)
	at org.jetbrains.kotlin.cli.jvm.compiler.KotlinToJVMBytecodeCompiler.runCodegen(KotlinToJVMBytecodeCompiler.kt:348)
	at org.jetbrains.kotlin.cli.jvm.compiler.KotlinToJVMBytecodeCompiler.compileModules$cli(KotlinToJVMBytecodeCompiler.kt:123)
	at org.jetbrains.kotlin.cli.jvm.compiler.KotlinToJVMBytecodeCompiler.compileModules$cli$default(KotlinToJVMBytecodeCompiler.kt:47)
	at org.jetbrains.kotlin.cli.jvm.K2JVMCompiler.doExecute(K2JVMCompiler.kt:168)
	at org.jetbrains.kotlin.cli.jvm.K2JVMCompiler.doExecute(K2JVMCompiler.kt:53)
	at org.jetbrains.kotlin.cli.common.CLICompiler.execImpl(CLICompiler.kt:100)
	at org.jetbrains.kotlin.cli.common.CLICompiler.execImpl(CLICompiler.kt:46)
	at org.jetbrains.kotlin.cli.common.CLITool.exec(CLITool.kt:101)
	at org.jetbrains.kotlin.incremental.IncrementalJvmCompilerRunner.runCompiler(IncrementalJvmCompilerRunner.kt:495)
	at org.jetbrains.kotlin.incremental.IncrementalJvmCompilerRunner.runCompiler(IncrementalJvmCompilerRunner.kt:133)
	at org.jetbrains.kotlin.incremental.IncrementalCompilerRunner.doCompile(IncrementalCompilerRunner.kt:486)
	at org.jetbrains.kotlin.incremental.IncrementalCompilerRunner.compileImpl(IncrementalCompilerRunner.kt:409)
	at org.jetbrains.kotlin.incremental.IncrementalCompilerRunner.compileNonIncrementally(IncrementalCompilerRunner.kt:290)
	at org.jetbrains.kotlin.incremental.IncrementalCompilerRunner.compile(IncrementalCompilerRunner.kt:112)
	at org.jetbrains.kotlin.daemon.CompileServiceImplBase.execIncrementalCompiler(CompileServiceImpl.kt:627)
	at org.jetbrains.kotlin.daemon.CompileServiceImplBase.access$execIncrementalCompiler(CompileServiceImpl.kt:101)
	at org.jetbrains.kotlin.daemon.CompileServiceImpl.compile(CompileServiceImpl.kt:1587)
	at java.base/jdk.internal.reflect.NativeMethodAccessorImpl.invoke0(Native Method)
	at java.base/jdk.internal.reflect.NativeMethodAccessorImpl.invoke(NativeMethodAccessorImpl.java:77)
	at java.base/jdk.internal.reflect.DelegatingMethodAccessorImpl.invoke(DelegatingMethodAccessorImpl.java:43)
	at java.base/java.lang.reflect.Method.invoke(Method.java:568)
	at java.rmi/sun.rmi.server.UnicastServerRef.dispatch(UnicastServerRef.java:360)
	at java.rmi/sun.rmi.transport.Transport$1.run(Transport.java:200)
	at java.rmi/sun.rmi.transport.Transport$1.run(Transport.java:197)
	at java.base/java.security.AccessController.doPrivileged(AccessController.java:712)
	at java.rmi/sun.rmi.transport.Transport.serviceCall(Transport.java:196)
	at java.rmi/sun.rmi.transport.tcp.TCPTransport.handleMessages(TCPTransport.java:587)
	at java.rmi/sun.rmi.transport.tcp.TCPTransport$ConnectionHandler.run0(TCPTransport.java:828)
	at java.rmi/sun.rmi.transport.tcp.TCPTransport$ConnectionHandler.lambda$run$0(TCPTransport.java:705)
	at java.base/java.security.AccessController.doPrivileged(AccessController.java:399)
	at java.rmi/sun.rmi.transport.tcp.TCPTransport$ConnectionHandler.run(TCPTransport.java:704)
	at java.base/java.util.concurrent.ThreadPoolExecutor.runWorker(ThreadPoolExecutor.java:1136)
	at java.base/java.util.concurrent.ThreadPoolExecutor$Worker.run(ThreadPoolExecutor.java:635)
	at java.base/java.lang.Thread.run(Thread.java:833)
Caused by: java.lang.RuntimeException: Exception while generating code for:
FUN name:DailyGame visibility:public modality:FINAL <> ($this:com.example.mooddetection.DailyGame) returnType:kotlin.Unit
  annotations:
    Composable
  $this: VALUE_PARAMETER name:<this> type:com.example.mooddetection.DailyGame
  BLOCK_BODY
    VAR name:configuration type:android.content.res.Configuration [val]
      CALL 'public final fun <get-current> (): T of androidx.compose.runtime.CompositionLocal [inline] declared in androidx.compose.runtime.CompositionLocal' type=android.content.res.Configuration origin=GET_PROPERTY
        $this: TYPE_OP type=androidx.compose.runtime.CompositionLocal<T of androidx.compose.runtime.CompositionLocal> origin=IMPLICIT_CAST typeOperand=androidx.compose.runtime.CompositionLocal<T of androidx.compose.runtime.CompositionLocal>
          CALL 'public final fun <get-LocalConfiguration> (): androidx.compose.runtime.ProvidableCompositionLocal<android.content.res.Configuration> declared in androidx.compose.ui.platform.AndroidCompositionLocals_androidKt' type=androidx.compose.runtime.ProvidableCompositionLocal<android.content.res.Configuration> origin=GET_PROPERTY
    VAR name:density type:androidx.compose.ui.unit.Density [val]
      CALL 'public final fun <get-current> (): T of androidx.compose.runtime.CompositionLocal [inline] declared in androidx.compose.runtime.CompositionLocal' type=androidx.compose.ui.unit.Density origin=GET_PROPERTY
        $this: TYPE_OP type=androidx.compose.runtime.CompositionLocal<T of androidx.compose.runtime.CompositionLocal> origin=IMPLICIT_CAST typeOperand=androidx.compose.runtime.CompositionLocal<T of androidx.compose.runtime.CompositionLocal>
          CALL 'public final fun <get-LocalDensity> (): androidx.compose.runtime.ProvidableCompositionLocal<androidx.compose.ui.unit.Density> declared in androidx.compose.ui.platform.CompositionLocalsKt' type=androidx.compose.runtime.ProvidableCompositionLocal<androidx.compose.ui.unit.Density> origin=GET_PROPERTY
    CALL 'private final fun setScreenWidth-0680j_4 (<set-?>: androidx.compose.ui.unit.Dp): kotlin.Unit declared in com.example.mooddetection.DailyGame' type=kotlin.Unit origin=EQ
      $this: GET_VAR '<this>: com.example.mooddetection.DailyGame declared in com.example.mooddetection.DailyGame.DailyGame' type=com.example.mooddetection.DailyGame origin=null
      <set-?>: CALL 'public final fun <get-dp> (): androidx.compose.ui.unit.Dp [inline] declared in androidx.compose.ui.unit.DpKt' type=androidx.compose.ui.unit.Dp origin=GET_PROPERTY
        $receiver: GET_FIELD 'FIELD IR_EXTERNAL_JAVA_DECLARATION_STUB name:screenWidthDp type:kotlin.Int visibility:public' type=kotlin.Int origin=GET_PROPERTY
          receiver: GET_VAR 'val configuration: android.content.res.Configuration [val] declared in com.example.mooddetection.DailyGame.DailyGame' type=android.content.res.Configuration origin=null
    CALL 'private final fun setScreenHeight-0680j_4 (<set-?>: androidx.compose.ui.unit.Dp): kotlin.Unit declared in com.example.mooddetection.DailyGame' type=kotlin.Unit origin=EQ
      $this: GET_VAR '<this>: com.example.mooddetection.DailyGame declared in com.example.mooddetection.DailyGame.DailyGame' type=com.example.mooddetection.DailyGame origin=null
      <set-?>: CALL 'public final fun <get-dp> (): androidx.compose.ui.unit.Dp [inline] declared in androidx.compose.ui.unit.DpKt' type=androidx.compose.ui.unit.Dp origin=GET_PROPERTY
        $receiver: GET_FIELD 'FIELD IR_EXTERNAL_JAVA_DECLARATION_STUB name:screenHeightDp type:kotlin.Int visibility:public' type=kotlin.Int origin=GET_PROPERTY
          receiver: GET_VAR 'val configuration: android.content.res.Configuration [val] declared in com.example.mooddetection.DailyGame.DailyGame' type=android.content.res.Configuration origin=null
    SET_FIELD 'FIELD PROPERTY_BACKING_FIELD name:characterSizePx type:kotlin.Float visibility:private' type=kotlin.Unit origin=null
      receiver: GET_VAR '<this>: com.example.mooddetection.DailyGame declared in com.example.mooddetection.DailyGame.DailyGame' type=com.example.mooddetection.DailyGame origin=null
      value: CALL 'public final fun with <T, R> (receiver: T of kotlin.StandardKt.with, block: @[ExtensionFunctionType] kotlin.Function1<T of kotlin.StandardKt.with, R of kotlin.StandardKt.with>): R of kotlin.StandardKt.with [inline] declared in kotlin.StandardKt' type=kotlin.Float origin=null
        <T>: androidx.compose.ui.unit.Density
        <R>: kotlin.Float
        receiver: GET_VAR 'val density: androidx.compose.ui.unit.Density [val] declared in com.example.mooddetection.DailyGame.DailyGame' type=androidx.compose.ui.unit.Density origin=null
        block: BLOCK type=@[ExtensionFunctionType] kotlin.Function1<androidx.compose.ui.unit.Density, kotlin.Float> origin=LAMBDA
          COMPOSITE type=kotlin.Unit origin=null
          FUNCTION_REFERENCE 'private final fun DailyGame$lambda$1 (this$0: com.example.mooddetection.DailyGame): kotlin.Float declared in com.example.mooddetection.DailyGame' type=@[ExtensionFunctionType] kotlin.Function1<androidx.compose.ui.unit.Density, kotlin.Float> origin=INLINE_LAMBDA reflectionTarget=null
            this$0: GET_VAR '<this>: com.example.mooddetection.DailyGame declared in com.example.mooddetection.DailyGame.DailyGame' type=com.example.mooddetection.DailyGame origin=null
    SET_FIELD 'FIELD PROPERTY_BACKING_FIELD name:platformSizePx type:kotlin.Float visibility:private' type=kotlin.Unit origin=null
      receiver: GET_VAR '<this>: com.example.mooddetection.DailyGame declared in com.example.mooddetection.DailyGame.DailyGame' type=com.example.mooddetection.DailyGame origin=null
      value: CALL 'public final fun with <T, R> (receiver: T of kotlin.StandardKt.with, block: @[ExtensionFunctionType] kotlin.Function1<T of kotlin.StandardKt.with, R of kotlin.StandardKt.with>): R of kotlin.StandardKt.with [inline] declared in kotlin.StandardKt' type=kotlin.Float origin=null
        <T>: androidx.compose.ui.unit.Density
        <R>: kotlin.Float
        receiver: GET_VAR 'val density: androidx.compose.ui.unit.Density [val] declared in com.example.mooddetection.DailyGame.DailyGame' type=androidx.compose.ui.unit.Density origin=null
        block: BLOCK type=@[ExtensionFunctionType] kotlin.Function1<androidx.compose.ui.unit.Density, kotlin.Float> origin=LAMBDA
          COMPOSITE type=kotlin.Unit origin=null
          FUNCTION_REFERENCE 'private final fun DailyGame$lambda$2 (this$0: com.example.mooddetection.DailyGame): kotlin.Float declared in com.example.mooddetection.DailyGame' type=@[ExtensionFunctionType] kotlin.Function1<androidx.compose.ui.unit.Density, kotlin.Float> origin=INLINE_LAMBDA reflectionTarget=null
            this$0: GET_VAR '<this>: com.example.mooddetection.DailyGame declared in com.example.mooddetection.DailyGame.DailyGame' type=com.example.mooddetection.DailyGame origin=null
    SET_FIELD 'FIELD PROPERTY_BACKING_FIELD name:screenWidthPx type:kotlin.Float visibility:private' type=kotlin.Unit origin=null
      receiver: GET_VAR '<this>: com.example.mooddetection.DailyGame declared in com.example.mooddetection.DailyGame.DailyGame' type=com.example.mooddetection.DailyGame origin=null
      value: CALL 'public final fun with <T, R> (receiver: T of kotlin.StandardKt.with, block: @[ExtensionFunctionType] kotlin.Function1<T of kotlin.StandardKt.with, R of kotlin.StandardKt.with>): R of kotlin.StandardKt.with [inline] declared in kotlin.StandardKt' type=kotlin.Float origin=null
        <T>: androidx.compose.ui.unit.Density
        <R>: kotlin.Float
        receiver: GET_VAR 'val density: androidx.compose.ui.unit.Density [val] declared in com.example.mooddetection.DailyGame.DailyGame' type=androidx.compose.ui.unit.Density origin=null
        block: BLOCK type=@[ExtensionFunctionType] kotlin.Function1<androidx.compose.ui.unit.Density, kotlin.Float> origin=LAMBDA
          COMPOSITE type=kotlin.Unit origin=null
          FUNCTION_REFERENCE 'private final fun DailyGame$lambda$3 (this$0: com.example.mooddetection.DailyGame): kotlin.Float declared in com.example.mooddetection.DailyGame' type=@[ExtensionFunctionType] kotlin.Function1<androidx.compose.ui.unit.Density, kotlin.Float> origin=INLINE_LAMBDA reflectionTarget=null
            this$0: GET_VAR '<this>: com.example.mooddetection.DailyGame declared in com.example.mooddetection.DailyGame.DailyGame' type=com.example.mooddetection.DailyGame origin=null
    SET_FIELD 'FIELD PROPERTY_BACKING_FIELD name:screenHeightPx type:kotlin.Float visibility:private' type=kotlin.Unit origin=null
      receiver: GET_VAR '<this>: com.example.mooddetection.DailyGame declared in com.example.mooddetection.DailyGame.DailyGame' type=com.example.mooddetection.DailyGame origin=null
      value: CALL 'public final fun with <T, R> (receiver: T of kotlin.StandardKt.with, block: @[ExtensionFunctionType] kotlin.Function1<T of kotlin.StandardKt.with, R of kotlin.StandardKt.with>): R of kotlin.StandardKt.with [inline] declared in kotlin.StandardKt' type=kotlin.Float origin=null
        <T>: androidx.compose.ui.unit.Density
        <R>: kotlin.Float
        receiver: GET_VAR 'val density: androidx.compose.ui.unit.Density [val] declared in com.example.mooddetection.DailyGame.DailyGame' type=androidx.compose.ui.unit.Density origin=null
        block: BLOCK type=@[ExtensionFunctionType] kotlin.Function1<androidx.compose.ui.unit.Density, kotlin.Float> origin=LAMBDA
          COMPOSITE type=kotlin.Unit origin=null
          FUNCTION_REFERENCE 'private final fun DailyGame$lambda$4 (this$0: com.example.mooddetection.DailyGame): kotlin.Float declared in com.example.mooddetection.DailyGame' type=@[ExtensionFunctionType] kotlin.Function1<androidx.compose.ui.unit.Density, kotlin.Float> origin=INLINE_LAMBDA reflectionTarget=null
            this$0: GET_VAR '<this>: com.example.mooddetection.DailyGame declared in com.example.mooddetection.DailyGame.DailyGame' type=com.example.mooddetection.DailyGame origin=null
    WHEN type=kotlin.Unit origin=IF
      BRANCH
        if: CALL 'public final fun not (): kotlin.Boolean [operator] declared in kotlin.Boolean' type=kotlin.Boolean origin=EXCL
          $this: CALL 'private final fun <get-isPlatformsGenerated> (): kotlin.Boolean declared in com.example.mooddetection.DailyGame' type=kotlin.Boolean origin=GET_PROPERTY
            $this: GET_VAR '<this>: com.example.mooddetection.DailyGame declared in com.example.mooddetection.DailyGame.DailyGame' type=com.example.mooddetection.DailyGame origin=null
        then: BLOCK type=kotlin.Unit origin=null
          CALL 'private final fun generatePlatforms (): kotlin.Unit declared in com.example.mooddetection.DailyGame' type=kotlin.Unit origin=null
            $this: GET_VAR '<this>: com.example.mooddetection.DailyGame declared in com.example.mooddetection.DailyGame.DailyGame' type=com.example.mooddetection.DailyGame origin=null
          CALL 'private final fun <set-isPlatformsGenerated> (<set-?>: kotlin.Boolean): kotlin.Unit declared in com.example.mooddetection.DailyGame' type=kotlin.Unit origin=EQ
            $this: GET_VAR '<this>: com.example.mooddetection.DailyGame declared in com.example.mooddetection.DailyGame.DailyGame' type=com.example.mooddetection.DailyGame origin=null
            <set-?>: CONST Boolean type=kotlin.Boolean value=true
    CALL 'public final fun Box$default (modifier: androidx.compose.ui.Modifier?, contentAlignment: androidx.compose.ui.Alignment?, propagateMinConstraints: kotlin.Boolean, content: @[Composable] @[ExtensionFunctionType] kotlin.Function1<androidx.compose.foundation.layout.BoxScope, kotlin.Unit>, $mask0: kotlin.Int, $handler: kotlin.Any?): kotlin.Unit [inline] declared in androidx.compose.foundation.layout.BoxKt' type=kotlin.Unit origin=DEFAULT_DISPATCH_CALL
      modifier: CALL 'public final fun clickable-XHw0xAI$default (enabled: kotlin.Boolean, onClickLabel: kotlin.String?, role: androidx.compose.ui.semantics.Role?, onClick: kotlin.Function0<kotlin.Unit>, $mask0: kotlin.Int, $handler: kotlin.Any?): androidx.compose.ui.Modifier declared in androidx.compose.foundation.ClickableKt' type=androidx.compose.ui.Modifier origin=DEFAULT_DISPATCH_CALL
        $receiver: CALL 'public final fun fillMaxSize$default (fraction: kotlin.Float, $mask0: kotlin.Int, $handler: kotlin.Any?): androidx.compose.ui.Modifier declared in androidx.compose.foundation.layout.SizeKt' type=androidx.compose.ui.Modifier origin=DEFAULT_DISPATCH_CALL
          $receiver: GET_FIELD 'FIELD FIELD_FOR_OBJECT_INSTANCE name:Companion type:androidx.compose.ui.Modifier.Companion visibility:public [final,static]' type=androidx.compose.ui.Modifier.Companion origin=null
          fraction: COMPOSITE type=kotlin.Float origin=DEFAULT_VALUE
            CONST Float type=kotlin.Float value=0.0
          $mask0: CONST Int type=kotlin.Int value=1
          $handler: CONST Null type=kotlin.Any? value=null
        enabled: COMPOSITE type=kotlin.Boolean origin=DEFAULT_VALUE
          CONST Boolean type=kotlin.Boolean value=false
        onClickLabel: COMPOSITE type=kotlin.String? origin=DEFAULT_VALUE
          CONST Null type=kotlin.String? value=null
        role: COMPOSITE type=androidx.compose.ui.semantics.Role? origin=DEFAULT_VALUE
          CONST Null type=androidx.compose.ui.semantics.Role? value=null
        onClick: BLOCK type=com.example.mooddetection.DailyGame.DailyGame.<no name provided> origin=null
          CLASS LAMBDA_IMPL CLASS name:<no name provided> modality:FINAL visibility:public/*package*/ superTypes:[kotlin.jvm.internal.Lambda; kotlin.Function0<kotlin.Unit>]
            $this: VALUE_PARAMETER INSTANCE_RECEIVER name:<this> type:com.example.mooddetection.DailyGame.DailyGame.<no name provided>
            CONSTRUCTOR GENERATED_MEMBER_IN_CALLABLE_REFERENCE visibility:public/*package*/ <> (this$0:com.example.mooddetection.DailyGame) returnType:com.example.mooddetection.DailyGame.DailyGame.<no name provided> [primary]
              VALUE_PARAMETER BOUND_RECEIVER_PARAMETER name:this$0 index:0 type:com.example.mooddetection.DailyGame
              BLOCK_BODY
                SET_FIELD 'FIELD FIELD_FOR_CAPTURED_VALUE name:this$0 type:com.example.mooddetection.DailyGame visibility:public/*package*/ [final]' type=kotlin.Unit origin=INITIALIZER_OF_FIELD_FOR_CAPTURED_VALUE
                  receiver: GET_VAR '<this>: com.example.mooddetection.DailyGame.DailyGame.<no name provided> declared in com.example.mooddetection.DailyGame.DailyGame.<no name provided>' type=com.example.mooddetection.DailyGame.DailyGame.<no name provided> origin=null
                  value: GET_VAR 'this$0: com.example.mooddetection.DailyGame declared in com.example.mooddetection.DailyGame.DailyGame.<no name provided>.<init>' type=com.example.mooddetection.DailyGame origin=null
                DELEGATING_CONSTRUCTOR_CALL 'public constructor <init> (arity: kotlin.Int) declared in kotlin.jvm.internal.Lambda'
                  arity: CONST Int type=kotlin.Int value=0
                BLOCK type=kotlin.Unit origin=null
            FUN name:invoke visibility:public modality:FINAL <> ($this:com.example.mooddetection.DailyGame.DailyGame.<no name provided>) returnType:kotlin.Unit
              overridden:
                public abstract fun invoke (): R of kotlin.Function0 [operator] declared in kotlin.Function0
              $this: VALUE_PARAMETER INSTANCE_RECEIVER name:<this> type:com.example.mooddetection.DailyGame.DailyGame.<no name provided>
              BLOCK_BODY
                WHEN type=kotlin.Unit origin=IF
                  BRANCH
                    if: CALL 'public final fun not (): kotlin.Boolean [operator] declared in kotlin.Boolean' type=kotlin.Boolean origin=EXCL
                      $this: CALL 'public final fun access$isJumping ($this: com.example.mooddetection.DailyGame): kotlin.Boolean declared in com.example.mooddetection.DailyGame' type=kotlin.Boolean origin=GET_PROPERTY
                        $this: GET_FIELD 'FIELD FIELD_FOR_CAPTURED_VALUE name:this$0 type:com.example.mooddetection.DailyGame visibility:public/*package*/ [final]' type=com.example.mooddetection.DailyGame origin=null
                          receiver: GET_VAR '<this>: com.example.mooddetection.DailyGame.DailyGame.<no name provided> declared in com.example.mooddetection.DailyGame.DailyGame.<no name provided>.invoke' type=com.example.mooddetection.DailyGame.DailyGame.<no name provided> origin=null
                    then: BLOCK type=kotlin.Unit origin=null
                      CALL 'public final fun access$setJumping ($this: com.example.mooddetection.DailyGame, <set-?>: kotlin.Boolean): kotlin.Unit declared in com.example.mooddetection.DailyGame' type=kotlin.Unit origin=EQ
                        $this: GET_FIELD 'FIELD FIELD_FOR_CAPTURED_VALUE name:this$0 type:com.example.mooddetection.DailyGame visibility:public/*package*/ [final]' type=com.example.mooddetection.DailyGame origin=null
                          receiver: GET_VAR '<this>: com.example.mooddetection.DailyGame.DailyGame.<no name provided> declared in com.example.mooddetection.DailyGame.DailyGame.<no name provided>.invoke' type=com.example.mooddetection.DailyGame.DailyGame.<no name provided> origin=null
                        <set-?>: CONST Boolean type=kotlin.Boolean value=true
                      CALL 'public final fun access$launchJumpAnimation ($this: com.example.mooddetection.DailyGame): kotlin.Unit declared in com.example.mooddetection.DailyGame' type=kotlin.Unit origin=null
                        $this: GET_FIELD 'FIELD FIELD_FOR_CAPTURED_VALUE name:this$0 type:com.example.mooddetection.DailyGame visibility:public/*package*/ [final]' type=com.example.mooddetection.DailyGame origin=null
                          receiver: GET_VAR '<this>: com.example.mooddetection.DailyGame.DailyGame.<no name provided> declared in com.example.mooddetection.DailyGame.DailyGame.<no name provided>.invoke' type=com.example.mooddetection.DailyGame.DailyGame.<no name provided> origin=null
            FIELD FIELD_FOR_CAPTURED_VALUE name:this$0 type:com.example.mooddetection.DailyGame visibility:public/*package*/ [final]
            FUN BRIDGE name:invoke visibility:public modality:OPEN <> ($this:com.example.mooddetection.DailyGame.DailyGame.<no name provided>) returnType:kotlin.Any?
              $this: VALUE_PARAMETER INSTANCE_RECEIVER name:<this> type:com.example.mooddetection.DailyGame.DailyGame.<no name provided>
              EXPRESSION_BODY
                RETURN type=kotlin.Nothing from='public open fun invoke (): kotlin.Any? declared in com.example.mooddetection.DailyGame.DailyGame.<no name provided>'
                  CALL 'public final fun invoke (): kotlin.Unit declared in com.example.mooddetection.DailyGame.DailyGame.<no name provided>' type=kotlin.Unit origin=BRIDGE_DELEGATION
                    $this: GET_VAR '<this>: com.example.mooddetection.DailyGame.DailyGame.<no name provided> declared in com.example.mooddetection.DailyGame.DailyGame.<no name provided>.invoke' type=com.example.mooddetection.DailyGame.DailyGame.<no name provided> origin=null
          CONSTRUCTOR_CALL 'public/*package*/ constructor <init> (this$0: com.example.mooddetection.DailyGame) [primary] declared in com.example.mooddetection.DailyGame.DailyGame.<no name provided>' type=com.example.mooddetection.DailyGame.DailyGame.<no name provided> origin=null
            this$0: GET_VAR '<this>: com.example.mooddetection.DailyGame declared in com.example.mooddetection.DailyGame.DailyGame' type=com.example.mooddetection.DailyGame origin=null
        $mask0: CONST Int type=kotlin.Int value=7
        $handler: CONST Null type=kotlin.Any? value=null
      contentAlignment: COMPOSITE type=androidx.compose.ui.Alignment? origin=DEFAULT_VALUE
        CONST Null type=androidx.compose.ui.Alignment? value=null
      propagateMinConstraints: COMPOSITE type=kotlin.Boolean origin=DEFAULT_VALUE
        CONST Boolean type=kotlin.Boolean value=false
      content: BLOCK type=@[ExtensionFunctionType] kotlin.Function1<androidx.compose.foundation.layout.BoxScope, kotlin.Unit> origin=LAMBDA
        COMPOSITE type=kotlin.Unit origin=null
        FUNCTION_REFERENCE 'private final fun DailyGame$lambda$5 (this$0: com.example.mooddetection.DailyGame): kotlin.Unit declared in com.example.mooddetection.DailyGame' type=@[ExtensionFunctionType] kotlin.Function1<androidx.compose.foundation.layout.BoxScope, kotlin.Unit> origin=INLINE_LAMBDA reflectionTarget=null
          this$0: GET_VAR '<this>: com.example.mooddetection.DailyGame declared in com.example.mooddetection.DailyGame.DailyGame' type=com.example.mooddetection.DailyGame origin=null
      $mask0: CONST Int type=kotlin.Int value=6
      $handler: CONST Null type=kotlin.Any? value=null

	at org.jetbrains.kotlin.backend.jvm.codegen.FunctionCodegen.generate(FunctionCodegen.kt:51)
	at org.jetbrains.kotlin.backend.jvm.codegen.FunctionCodegen.generate$default(FunctionCodegen.kt:43)
	at org.jetbrains.kotlin.backend.jvm.codegen.ClassCodegen.generateMethodNode(ClassCodegen.kt:391)
	at org.jetbrains.kotlin.backend.jvm.codegen.ClassCodegen.generateMethod(ClassCodegen.kt:408)
	at org.jetbrains.kotlin.backend.jvm.codegen.ClassCodegen.generate(ClassCodegen.kt:170)
	at org.jetbrains.kotlin.backend.jvm.FileCodegen.lower(JvmPhases.kt:44)
	at org.jetbrains.kotlin.backend.common.phaser.FileLoweringPhaseAdapter.invoke(PhaseBuilders.kt:120)
	at org.jetbrains.kotlin.backend.common.phaser.FileLoweringPhaseAdapter.invoke(PhaseBuilders.kt:116)
	at org.jetbrains.kotlin.backend.common.phaser.NamedCompilerPhase.phaseBody(CompilerPhase.kt:147)
	at org.jetbrains.kotlin.backend.common.phaser.AbstractNamedCompilerPhase.invoke(CompilerPhase.kt:94)
	at org.jetbrains.kotlin.backend.common.phaser.PerformByIrFilePhase.invokeSequential(performByIrFile.kt:65)
	... 44 more
Caused by: org.jetbrains.kotlin.codegen.CompilationException: Back-end (JVM) Internal error: Couldn't inline method call: CALL 'public final fun <get-current> (): T of androidx.compose.runtime.CompositionLocal [inline] declared in androidx.compose.runtime.CompositionLocal' type=android.content.res.Configuration origin=GET_PROPERTY
Method: null
File is unknown
The root cause java.lang.IllegalStateException was thrown at: org.jetbrains.kotlin.codegen.inline.SourceCompilerForInlineKt.getMethodNode(SourceCompilerForInline.kt:118)
	at org.jetbrains.kotlin.codegen.inline.InlineCodegen.performInline(InlineCodegen.kt:63)
	at org.jetbrains.kotlin.backend.jvm.codegen.IrInlineCodegen.genInlineCall(IrInlineCodegen.kt:159)
	at org.jetbrains.kotlin.backend.jvm.codegen.IrInlineCallGenerator.genCall(IrInlineCallGenerator.kt:31)
	at org.jetbrains.kotlin.backend.jvm.codegen.ExpressionCodegen.visitCall(ExpressionCodegen.kt:523)
	at org.jetbrains.kotlin.backend.jvm.codegen.ExpressionCodegen.visitCall(ExpressionCodegen.kt:132)
	at org.jetbrains.kotlin.ir.expressions.IrCall.accept(IrCall.kt:25)
	at org.jetbrains.kotlin.backend.jvm.codegen.ExpressionCodegen.visitVariable(ExpressionCodegen.kt:653)
	at org.jetbrains.kotlin.backend.jvm.codegen.ExpressionCodegen.visitVariable(ExpressionCodegen.kt:132)
	at org.jetbrains.kotlin.ir.declarations.IrVariable.accept(IrVariable.kt:37)
	at org.jetbrains.kotlin.backend.jvm.codegen.ExpressionCodegen.visitStatementContainer(ExpressionCodegen.kt:459)
	at org.jetbrains.kotlin.backend.jvm.codegen.ExpressionCodegen.visitBlockBody(ExpressionCodegen.kt:463)
	at org.jetbrains.kotlin.backend.jvm.codegen.ExpressionCodegen.visitBlockBody(ExpressionCodegen.kt:132)
	at org.jetbrains.kotlin.ir.expressions.IrBlockBody.accept(IrBlockBody.kt:24)
	at org.jetbrains.kotlin.backend.jvm.codegen.ExpressionCodegen.generate(ExpressionCodegen.kt:238)
	at org.jetbrains.kotlin.backend.jvm.codegen.FunctionCodegen.doGenerate(FunctionCodegen.kt:122)
	at org.jetbrains.kotlin.backend.jvm.codegen.FunctionCodegen.generate(FunctionCodegen.kt:47)
	... 54 more
Caused by: java.lang.IllegalStateException: couldn't find inline method Landroidx/compose/runtime/CompositionLocal;.getCurrent()Ljava/lang/Object;
	at org.jetbrains.kotlin.codegen.inline.SourceCompilerForInlineKt.getMethodNode(SourceCompilerForInline.kt:118)
	at org.jetbrains.kotlin.codegen.inline.SourceCompilerForInlineKt.loadCompiledInlineFunction(SourceCompilerForInline.kt:96)
	at org.jetbrains.kotlin.backend.jvm.codegen.IrSourceCompilerForInline.compileInlineFunction(IrSourceCompilerForInline.kt:91)
	at org.jetbrains.kotlin.codegen.inline.InlineCodegen.performInline(InlineCodegen.kt:47)
	... 69 more


